ls: cannot access 'models-*': No such file or directory

108
ls: cannot access 'models-*': No such file or directory

ls: cannot access 'models-*': No such file or directory

ls: cannot access 'models-*': No such file or directory

ls: cannot access 'models-*': No such file or directory

ls: cannot access 'models-*': No such file or directory

55
68
ls: cannot access 'models-*': No such file or directory

ls: cannot access 'models-*': No such file or directory

ls: cannot access 'models-*': No such file or directory

ls: cannot access 'models-*': No such file or directory

ls: cannot access 'models-*': No such file or directory

ls: cannot access 'models-*': No such file or directory

20
ls: cannot access 'models-*': No such file or directory

12
12
12
12
12
12
ls: cannot access 'models-*': No such file or directory

127
ls: cannot access 'models-*': No such file or directory

ls: cannot access 'models-*': No such file or directory

ls: cannot access 'models-*': No such file or directory

205
ls: cannot access 'models-*': No such file or directory

ls: cannot access 'models-*': No such file or directory

ls: cannot access 'models-*': No such file or directory

ls: cannot access 'models-*': No such file or directory

ls: cannot access 'models-*': No such file or directory

ls: cannot access 'models-*': No such file or directory

233
50
50 56
ls: cannot access 'models-*': No such file or directory

455
ls: cannot access 'models-*': No such file or directory

127
ls: cannot access 'models-*': No such file or directory

ls: cannot access 'models-*': No such file or directory

ls: cannot access 'models-*': No such file or directory

ls: cannot access 'models-*': No such file or directory

ls: cannot access 'models-*': No such file or directory

ls: cannot access 'models-*': No such file or directory

ls: cannot access 'models-*': No such file or directory

ls: cannot access 'models-*': No such file or directory

ls: cannot access 'models-*': No such file or directory

ls: cannot access 'models-*': No such file or directory

ls: cannot access 'models-*': No such file or directory

ls: cannot access 'models-*': No such file or directory

ls: cannot access 'models-*': No such file or directory

ls: cannot access 'models-*': No such file or directory

96
196
115
137
94
257
ls: cannot access 'models-*': No such file or directory

133
ls: cannot access 'models-*': No such file or directory

ls: cannot access 'models-*': No such file or directory

ls: cannot access 'models-*': No such file or directory

ls: cannot access 'models-*': No such file or directory

199
160
139 160
ls: cannot access 'models-*': No such file or directory

ls: cannot access 'models-*': No such file or directory

212
174
ls: cannot access 'models-*': No such file or directory

ls: cannot access 'models-*': No such file or directory

ls: cannot access 'models-*': No such file or directory

ls: cannot access 'models-*': No such file or directory

209
122
ls: cannot access 'models-*': No such file or directory

211
209
209 283
163 209 283
163 209 214 283
247
177
ls: cannot access 'models-*': No such file or directory

ls: cannot access 'models-*': No such file or directory

ls: cannot access 'models-*': No such file or directory

208
ls: cannot access 'models-*': No such file or directory

ls: cannot access 'models-*': No such file or directory

ls: cannot access 'models-*': No such file or directory

ls: cannot access 'models-*': No such file or directory

ls: cannot access 'models-*': No such file or directory

ls: cannot access 'models-*': No such file or directory

ls: cannot access 'models-*': No such file or directory

ls: cannot access 'models-*': No such file or directory

172
141
ls: cannot access 'models-*': No such file or directory

ls: cannot access 'models-*': No such file or directory

187
